1715467132648	geckodriver	INFO	Listening on 127.0.0.1:49536
1715467132865	mozrunner::runner	INFO	Running command: MOZ_CRASHREPORTER="1" MOZ_CRASHREPORTER_NO_REPORT="1" MOZ_CRASHREPORTER_SHUTDOWN="1" MOZ_NO_REMOTE="1" "/App ... s" "localhost" "-foreground" "-no-remote" "-profile" "/var/folders/81/pyt85syn28358ssrrm325mf80000gn/T/rust_mozprofilePxKdwR"
console.warn: services.settings: Ignoring preference override of remote settings server
console.warn: services.settings: Allow by setting MOZ_REMOTE_SETTINGS_DEVTOOLS=1 in the environment
1715467133865	Marionette	INFO	Marionette enabled
console.error: "Warning: unrecognized command line flag" "-remote-allow-hosts"
1715467134579	Marionette	INFO	Listening on port 49571
WebDriver BiDi listening on ws://127.0.0.1:49537
Read port: 49571
1715467134867	RemoteAgent	WARN	TLS certificate errors will be ignored for this session
DevTools listening on ws://127.0.0.1:49537/devtools/browser/dae8847d-eccd-42ca-8991-59cbd8fc3697
1715467143836	Marionette	INFO	Stopped listening on port 49571
JavaScript warning: https://cdn.rudderlabs.com/v3/modern/rsa.min.js, line 1: Script terminated by timeout at:
get@https://cdn.rudderlabs.com/v3/modern/rsa.min.js:1:13174
registerEffects/</<@https://cdn.rudderlabs.com/v3/modern/rsa.min.js:1:73468
je.prototype.c@https://cdn.rudderlabs.com/v3/modern/rsa.min.js:1:14564
Ue@https://cdn.rudderlabs.com/v3/modern/rsa.min.js:1:12420
registerEffects/<@https://cdn.rudderlabs.com/v3/modern/rsa.min.js:1:73435
registerEffects@https://cdn.rudderlabs.com/v3/modern/rsa.min.js:1:73420
init@https://cdn.rudderlabs.com/v3/modern/rsa.min.js:1:70494
onPluginsReady@https://cdn.rudderlabs.com/v3/modern/rsa.min.js:1:84193
startLifecycle/<@https://cdn.rudderlabs.com/v3/modern/rsa.min.js:1:82652
je.prototype.c@https://cdn.rudderlabs.com/v3/modern/rsa.min.js:1:14564
Ee@https://cdn.rudderlabs.com/v3/modern/rsa.min.js:1:10916
set@https://cdn.rudderlabs.com/v3/modern/rsa.min.js:1:13443
initialize@https://cdn.rudderlabs.com/v3/modern/plugins/rsa-plugins-remote-XhrQueue.min.js:1:1165
register@https://cdn.rudderlabs.com/v3/modern/rsa.min.js:1:20646
register/<@https://cdn.rudderlabs.com/v3/modern/rsa.min.js:1:32802
register@https://cdn.rudderlabs.com/v3/modern/rsa.min.js:1:32773
registerRemotePlugins/</<@https://cdn.rudderlabs.com/v3/modern/rsa.min.js:1:32386

